=============== Log rollover at Sat Sep  3 01:20:40 2022 ===============
Starting Klippy...
Args: ['/home/pi/klipper/klippy/klippy.py', '/home/pi/klipper_config/printer.cfg', '-l', '/home/pi/klipper_logs/klippy.log', '-a', '/tmp/klippy_uds']
Git version: 'v0.10.0-564-gae6c1642'
CPU: 4 core ARMv7 Processor rev 3 (v7l)
Python: '2.7.16 (default, Oct 10 2019, 22:02:15) \n[GCC 8.3.0]'
Building C code module c_helper.so
Start printer at Sat Sep  3 01:21:02 2022 (1662139262.2 465211.1)
===== Config file =====
[stepper_x]
step_pin = PC2
dir_pin = PB9
enable_pin = !PC3
microsteps = 16
rotation_distance = 40
endstop_pin = !PA7
position_min = -3
position_endstop = -3
position_max = 250
homing_speed = 40.0

[stepper_y]
step_pin = PB8
dir_pin = PB7
enable_pin = !PC13
microsteps = 16
rotation_distance = 32
endstop_pin = !PC5
position_min = -17
position_endstop = -17
position_max = 246
homing_speed = 40.0

[stepper_z]
step_pin = PB6
dir_pin = !PB5
enable_pin = !PC14
microsteps = 16
rotation_distance = 8
endstop_pin = PB2
position_max = 260
position_min = -10
homing_speed = 5.0
position_endstop = -1.190

[stepper_z1]
step_pin = PC0
dir_pin = !PC1
enable_pin = !PC15
microsteps = 16
rotation_distance = 8
endstop_pin = PC6

[extruder]
step_pin = PB4
dir_pin = !PB3
enable_pin = !PA15
microsteps = 16
rotation_distance = 22.76500
gear_ratio = 50:17
full_steps_per_rotation = 200
nozzle_diameter = 0.400
filament_diameter = 1.750
heater_pin = PA1
sensor_type = ATC Semitec 104GT-2
sensor_pin = PC4
control = pid
pid_kp = 28.937
pid_ki = 1.295
pid_kd = 161.688
min_temp = 0
max_temp = 260
max_extrude_cross_section = 5
min_extrude_temp = 170

[heater_fan extruder_fan]
pin = PB1

[heater_bed]
heater_pin = PA4
sensor_type = EPCOS 100K B57560G104F
sensor_pin = PB0
control = pid
pid_kp = 67.648
pid_ki = 1.044
pid_kd = 1095.893
min_temp = 0
max_temp = 110

[fan]
pin = PA0

[probe]
pin = !PB12
samples = 3
samples_tolerance = 0.03
samples_tolerance_retries = 10
lift_speed = 8
activate_gcode = 
	probe_reset
z_offset = -0.200

[output_pin probe_reset_pin]
pin = PB13

[output_pin LED]
pin = mcu:PA13
pwm = False
value = 0

[output_pin BEEPER_PIN]
pin = PB15
pwm = True
value = 0
shutdown_value = 0
cycle_time = 0.001
scale = 1

[bed_mesh]
speed = 100
mesh_min = 10, 10
mesh_max = 240, 240
probe_count = 7, 7
mesh_pps = 3, 3
algorithm = bicubic
move_check_distance = 3
horizontal_move_z = 2

[filament_switch_sensor runout]
pause_on_runout = True
switch_pin = PA5
runout_gcode = 
	M300
insert_gcode = 
	M300

[mcu]
serial = /dev/ttyUSB0
restart_method = command

[safe_z_home]
home_xy_position = -3,-17
z_hop = 10

[printer]
kinematics = cartesian
max_velocity = 300
max_accel = 3000
max_z_velocity = 10
max_z_accel = 100

[gcode_macro probe_reset]
gcode = 
	SET_PIN PIN=probe_reset_pin VALUE=0
	G4 P300
	SET_PIN PIN=probe_reset_pin VALUE=1
	G4 P100

[virtual_sdcard]
path = ~/gcode_files

[pause_resume]

[gcode_macro PAUSE]
description = Pause the actual running print
rename_existing = PAUSE_BASE
gcode = 
	{% set e = params.E|default(10) %}
	PAUSE_BASE
	G91
	{% if printer.extruder.can_extrude|lower == 'true' %}
	G1 E-{e} F2100
	{% else %}
	{action_respond_info("Extruder not hot enough")}
	{% endif %}
	END_POS
	M140 S55

[gcode_macro RESUME]
description = Resume the actual running print
rename_existing = RESUME_BASE
gcode = 
	PREHEAT
	M190 S55
	M109 S190
	M300
	{% set e = params.E|default(5) %}
	{% if 'VELOCITY' in params|upper %}
	{% set get_params = ('VELOCITY=' + params.VELOCITY)  %}
	{%else %}
	{% set get_params = "" %}
	{% endif %}
	G91
	{% if printer.extruder.can_extrude|lower == 'true' %}
	G1 E{e} F2100
	{% else %}
	{action_respond_info("Extruder not hot enough")}
	{% endif %}
	RESUME_BASE {get_params}

[gcode_macro CANCEL_PRINT]
description = Cancel the actual running print
rename_existing = CANCEL_PRINT_BASE
gcode = 
	TURN_OFF_HEATERS
	CANCEL_PRINT_BASE
	END_POS
	M84

[gcode_macro END_POS]
description = a def to move the thread to a suitable place
gcode = 
	{% set x = params.X|default(0) %}
	{% set y = params.Y|default(240) %}
	{% set z = params.Z|default(10)|float %}
	{% set max_z = printer.toolhead.axis_maximum.z|float %}
	{% set act_z = printer.toolhead.position.z|float %}
	{% set lift_z = z|abs %}
	{% if act_z < (max_z - lift_z) %}
	{% set z_safe = lift_z %}
	{% else %}
	{% set z_safe = max_z - act_z %}
	{% endif %}
	G91
	{% if "xyz" in printer.toolhead.homed_axes %}
	G1 Z{z_safe}
	G90
	G1 X{x} Y{y} F6000
	{% else %}
	{action_respond_info("Printer not homed")}
	{% endif %}

[display_status]

[gcode_macro g29]
gcode = 
	{% set temperature = params.T|default(0) %}
	M140 S{temperature}
	G28
	probe_reset
	M190 S{temperature}
	BED_MESH_CALIBRATE
	G91
	G1 Z+25 F1500
	G90

[gcode_macro M0]
gcode = 
	PAUSE

[gcode_macro m205]
gcode = 
	G4

[gcode_macro M300]
gcode = 
	{% set S = params.S|default(1000)|int %} ; S sets the tone frequency
	{% set P = params.P|default(100)|int %} ; P sets the tone duration
	{% set L = 0.5 %} ; L varies the PWM on time, close to 0 or 1 the tone gets a bit quieter. 0.5 is a symmetric waveform
	{% if S <= 0 %} ; dont divide through zero
	{% set F = 1 %}
	{% set L = 0 %}
	{% elif S >= 10000 %} ;max frequency set to 10kHz
	{% set F = 0 %}
	{% else %}
	{% set F = 1/S %} ;convert frequency to seconds
	{% endif %}
	SET_PIN PIN=BEEPER_PIN VALUE={L} CYCLE_TIME={F} ;Play tone
	G4 P{P} ;tone duration
	SET_PIN PIN=BEEPER_PIN VALUE=0

[gcode_macro m500]
gcode = 
	SAVE_CONFIG

[gcode_macro M600]
gcode = 
	PAUSE

[gcode_macro PREHEAT]
gcode = 
	M140 S55
	M104 S190

[bed_mesh default]
version = 1
points = 
	-4.615833, -4.430000, -4.367500, -4.303333, -4.318333, -4.338333, -4.389167
	-4.565833, -4.371667, -4.330833, -4.250833, -4.285000, -4.299167, -4.384167
	-4.569167, -4.376667, -4.300833, -4.214167, -4.226667, -4.294167, -4.415000
	-4.521667, -4.374167, -4.293333, -4.209167, -4.258333, -4.325000, -4.464167
	-4.523333, -4.425833, -4.357500, -4.257500, -4.303333, -4.385833, -4.494167
	-4.583333, -4.453333, -4.358333, -4.306667, -4.329167, -4.429167, -4.600833
	-4.555000, -4.434167, -4.433333, -4.354167, -4.412500, -4.507500, -4.655000
tension = 0.2
min_x = 10.0
algo = bicubic
y_count = 7
mesh_y_pps = 3
min_y = 10.0
x_count = 7
max_y = 239.98
mesh_x_pps = 3
max_x = 239.97
=======================
Extruder max_extrude_ratio=2.078758
mcu 'mcu': Starting serial connect
webhooks client 3042182408: New connection
webhooks client 3042182408: Client info {'program': 'Moonraker', 'version': 'v0.7.1-651-ge3cafb5'}
mcu 'mcu': got {'#receive_time': 465212.383491989, u'next_clock': 963978496, u'oid': 16, u'value': 31159, '#name': u'analog_in_state', '#sent_time': 465212.369302137}
mcu 'mcu': got {'#receive_time': 465212.49339709996, u'next_clock': 971898496, u'oid': 27, u'value': 31148, '#name': u'analog_in_state', '#sent_time': 465212.477942267}
Loaded MCU 'mcu' 100 commands (v0.10.0-333-g3340bb2f / gcc: (15:7-2018-q2-6) 7.3.1 20180622 (release) [ARM/embedded-7-branch revision 261907] binutils: (2.31.1-11+rpi1+11) 2.31.1)
MCU 'mcu' config: BUS_PINS_i2c1=PB6,PB7 BUS_PINS_i2c2=PB10,PB11 BUS_PINS_i2c1a=PB8,PB9 RESERVE_PINS_serial=PA10,PA9 BUS_PINS_spi1a=PB4,PB5,PB3 STATS_SUMSQ_BASE=256 RECEIVE_WINDOW=192 STEPPER_BOTH_EDGE=1 SERIAL_BAUD=250000 ADC_MAX=4095 BUS_PINS_spi3=PB4,PB5,PB3 BUS_PINS_spi2=PB14,PB15,PB13 BUS_PINS_spi1=PA6,PA7,PA5 PWM_MAX=255 MCU=stm32f103xe CLOCK_FREQ=72000000
Configured MCU 'mcu' (1024 moves)
Starting heater checks for heater_bed
bed_mesh: generated points
Index |  Tool Adjusted  |   Probe
  0   | (10.0, 10.0)    | (10.0, 10.0)
  1   | (48.3, 10.0)    | (48.3, 10.0)
  2   | (86.7, 10.0)    | (86.7, 10.0)
  3   | (125.0, 10.0)   | (125.0, 10.0)
  4   | (163.3, 10.0)   | (163.3, 10.0)
  5   | (201.6, 10.0)   | (201.6, 10.0)
  6   | (240.0, 10.0)   | (240.0, 10.0)
  7   | (240.0, 48.3)   | (240.0, 48.3)
  8   | (201.6, 48.3)   | (201.6, 48.3)
  9   | (163.3, 48.3)   | (163.3, 48.3)
  10  | (125.0, 48.3)   | (125.0, 48.3)
  11  | (86.7, 48.3)    | (86.7, 48.3)
  12  | (48.3, 48.3)    | (48.3, 48.3)
  13  | (10.0, 48.3)    | (10.0, 48.3)
  14  | (10.0, 86.7)    | (10.0, 86.7)
  15  | (48.3, 86.7)    | (48.3, 86.7)
  16  | (86.7, 86.7)    | (86.7, 86.7)
  17  | (125.0, 86.7)   | (125.0, 86.7)
  18  | (163.3, 86.7)   | (163.3, 86.7)
  19  | (201.6, 86.7)   | (201.6, 86.7)
  20  | (240.0, 86.7)   | (240.0, 86.7)
  21  | (240.0, 125.0)  | (240.0, 125.0)
  22  | (201.6, 125.0)  | (201.6, 125.0)
  23  | (163.3, 125.0)  | (163.3, 125.0)
  24  | (125.0, 125.0)  | (125.0, 125.0)
  25  | (86.7, 125.0)   | (86.7, 125.0)
  26  | (48.3, 125.0)   | (48.3, 125.0)
  27  | (10.0, 125.0)   | (10.0, 125.0)
  28  | (10.0, 163.3)   | (10.0, 163.3)
  29  | (48.3, 163.3)   | (48.3, 163.3)
  30  | (86.7, 163.3)   | (86.7, 163.3)
  31  | (125.0, 163.3)  | (125.0, 163.3)
  32  | (163.3, 163.3)  | (163.3, 163.3)
  33  | (201.6, 163.3)  | (201.6, 163.3)
  34  | (240.0, 163.3)  | (240.0, 163.3)
  35  | (240.0, 201.6)  | (240.0, 201.6)
  36  | (201.6, 201.6)  | (201.6, 201.6)
  37  | (163.3, 201.6)  | (163.3, 201.6)
  38  | (125.0, 201.6)  | (125.0, 201.6)
  39  | (86.7, 201.6)   | (86.7, 201.6)
  40  | (48.3, 201.6)   | (48.3, 201.6)
  41  | (10.0, 201.6)   | (10.0, 201.6)
  42  | (10.0, 240.0)   | (10.0, 240.0)
  43  | (48.3, 240.0)   | (48.3, 240.0)
  44  | (86.7, 240.0)   | (86.7, 240.0)
  45  | (125.0, 240.0)  | (125.0, 240.0)
  46  | (163.3, 240.0)  | (163.3, 240.0)
  47  | (201.6, 240.0)  | (201.6, 240.0)
  48  | (240.0, 240.0)  | (240.0, 240.0)
Starting heater checks for extruder
webhooks: registering remote method 'shutdown_machine' for connection id: 3042182408
webhooks: registering remote method 'reboot_machine' for connection id: 3042182408
webhooks: registering remote method 'pause_job_queue' for connection id: 3042182408
webhooks: registering remote method 'start_job_queue' for connection id: 3042182408
webhooks client 3042182408: Disconnected
webhooks client 3042182488: New connection
webhooks client 3042182488: Client info {'program': 'Moonraker', 'version': 'v0.7.1-659-gf047167'}
webhooks: registering remote method 'shutdown_machine' for connection id: 3042182488
webhooks: registering remote method 'reboot_machine' for connection id: 3042182488
webhooks: registering remote method 'pause_job_queue' for connection id: 3042182488
webhooks: registering remote method 'start_job_queue' for connection id: 3042182488
probe: TRIGGERED
Stats 465274.8: gcodein=0  mcu: mcu_awake=0.001 mcu_task_avg=0.000009 mcu_task_stddev=0.000008 bytes_write=1464 bytes_read=11462 bytes_retransmit=9 bytes_invalid=13 send_seq=181 receive_seq=181 retransmit_seq=2 srtt=0.003 rttvar=0.000 rto=0.025 ready_bytes=0 stalled_bytes=0 freq=72000593 heater_bed: target=0 temp=27.0 pwm=0.000  sysload=1.12 cputime=2.678 memavail=3486320 print_time=465303.614 buffer_time=0.000 print_stall=0 extruder: target=0 temp=27.2 pwm=0.000
Stats 465275.8: gcodein=0  mcu: mcu_awake=0.001 mcu_task_avg=0.000009 mcu_task_stddev=0.000008 bytes_write=1470 bytes_read=11583 bytes_retransmit=9 bytes_invalid=13 send_seq=182 receive_seq=182 retransmit_seq=2 srtt=0.003 rttvar=0.000 rto=0.025 ready_bytes=0 stalled_bytes=0 freq=72000591 heater_bed: target=0 temp=27.1 pwm=0.000  sysload=1.12 cputime=2.693 memavail=3486320 print_time=465303.614 buffer_time=0.000 print_stall=0 extruder: target=0 temp=27.1 pwm=0.000
Stats 465276.8: gcodein=0  mcu: mcu_awake=0.001 mcu_task_avg=0.000009 mcu_task_stddev=0.000008 bytes_write=1476 bytes_read=11704 bytes_retransmit=9 bytes_invalid=13 send_seq=183 receive_seq=183 retransmit_seq=2 srtt=0.003 rttvar=0.000 rto=0.025 ready_bytes=0 stalled_bytes=0 freq=72000595 heater_bed: target=0 temp=26.8 pwm=0.000  sysload=1.12 cputime=2.708 memavail=3486272 print_time=465303.614 buffer_time=0.000 print_stall=0 extruder: target=0 temp=27.1 pwm=0.000
Stats 465277.8: gcodein=0  mcu: mcu_awake=0.001 mcu_task_avg=0.000009 mcu_task_stddev=0.000007 bytes_write=1482 bytes_read=11824 bytes_retransmit=9 bytes_invalid=13 send_seq=184 receive_seq=184 retransmit_seq=2 srtt=0.003 rttvar=0.000 rto=0.025 ready_bytes=0 stalled_bytes=0 freq=72000602 heater_bed: target=0 temp=27.0 pwm=0.000  sysload=1.19 cputime=2.724 memavail=3486272 print_time=465303.614 buffer_time=0.000 print_stall=0 extruder: target=0 temp=27.0 pwm=0.000
Stats 465278.8: gcodein=0  mcu: mcu_awake=0.001 mcu_task_avg=0.000009 mcu_task_stddev=0.000007 bytes_write=1488 bytes_read=11945 bytes_retransmit=9 bytes_invalid=13 send_seq=185 receive_seq=185 retransmit_seq=2 srtt=0.003 rttvar=0.000 rto=0.025 ready_bytes=0 stalled_bytes=0 freq=72000601 heater_bed: target=0 temp=26.9 pwm=0.000  sysload=1.19 cputime=2.739 memavail=3486272 print_time=465303.614 buffer_time=0.000 print_stall=0 extruder: target=0 temp=27.0 pwm=0.000
Stats 465279.8: gcodein=0  mcu: mcu_awake=0.001 mcu_task_avg=0.000009 mcu_task_stddev=0.000007 bytes_write=1494 bytes_read=12066 bytes_retransmit=9 bytes_invalid=13 send_seq=186 receive_seq=186 retransmit_seq=2 srtt=0.003 rttvar=0.000 rto=0.025 ready_bytes=0 stalled_bytes=0 freq=72000604 heater_bed: target=0 temp=27.1 pwm=0.000  sysload=1.19 cputime=2.754 memavail=3486272 print_time=465303.614 buffer_time=0.000 print_stall=0 extruder: target=0 temp=27.1 pwm=0.000
Stats 465280.8: gcodein=0  mcu: mcu_awake=0.001 mcu_task_avg=0.000009 mcu_task_stddev=0.000007 bytes_write=1500 bytes_read=12172 bytes_retransmit=9 bytes_invalid=13 send_seq=187 receive_seq=187 retransmit_seq=2 srtt=0.003 rttvar=0.000 rto=0.025 ready_bytes=0 stalled_bytes=0 freq=72000602 heater_bed: target=0 temp=27.1 pwm=0.000  sysload=1.19 cputime=2.769 memavail=3486172 print_time=465303.614 buffer_time=0.000 print_stall=0 extruder: target=0 temp=27.1 pwm=0.000
Stats 465281.8: gcodein=0  mcu: mcu_awake=0.001 mcu_task_avg=0.000009 mcu_task_stddev=0.000007 bytes_write=1506 bytes_read=12293 bytes_retransmit=9 bytes_invalid=13 send_seq=188 receive_seq=188 retransmit_seq=2 srtt=0.003 rttvar=0.000 rto=0.025 ready_bytes=0 stalled_bytes=0 freq=72000600 heater_bed: target=0 temp=27.0 pwm=0.000  sysload=1.19 cputime=2.784 memavail=3485996 print_time=465303.614 buffer_time=0.000 print_stall=0 extruder: target=0 temp=27.0 pwm=0.000
Stats 465282.8: gcodein=0  mcu: mcu_awake=0.001 mcu_task_avg=0.000009 mcu_task_stddev=0.000007 bytes_write=1512 bytes_read=12427 bytes_retransmit=9 bytes_invalid=13 send_seq=189 receive_seq=189 retransmit_seq=2 srtt=0.003 rttvar=0.000 rto=0.025 ready_bytes=0 stalled_bytes=0 freq=72000599 heater_bed: target=0 temp=27.0 pwm=0.000  sysload=1.09 cputime=2.800 memavail=3486116 print_time=465303.614 buffer_time=0.000 print_stall=0 extruder: target=0 temp=27.2 pwm=0.000
Stats 465283.8: gcodein=0  mcu: mcu_awake=0.001 mcu_task_avg=0.000009 mcu_task_stddev=0.000007 bytes_write=1518 bytes_read=12533 bytes_retransmit=9 bytes_invalid=13 send_seq=190 receive_seq=190 retransmit_seq=2 srtt=0.003 rttvar=0.000 rto=0.025 ready_bytes=0 stalled_bytes=0 freq=72000599 heater_bed: target=0 temp=27.1 pwm=0.000  sysload=1.09 cputime=2.815 memavail=3486316 print_time=465303.614 buffer_time=0.000 print_stall=0 extruder: target=0 temp=27.0 pwm=0.000
Stats 465284.8: gcodein=0  mcu: mcu_awake=0.001 mcu_task_avg=0.000009 mcu_task_stddev=0.000007 bytes_write=2026 bytes_read=12694 bytes_retransmit=9 bytes_invalid=13 send_seq=199 receive_seq=199 retransmit_seq=2 srtt=0.003 rttvar=0.000 rto=0.025 ready_bytes=0 stalled_bytes=0 freq=72000600 heater_bed: target=0 temp=27.2 pwm=0.000  sysload=1.09 cputime=2.847 memavail=3486228 print_time=465314.371 buffer_time=0.000 print_stall=0 extruder: target=0 temp=27.1 pwm=0.000
Stats 465285.8: gcodein=0  mcu: mcu_awake=0.001 mcu_task_avg=0.000009 mcu_task_stddev=0.000007 bytes_write=2467 bytes_read=13048 bytes_retransmit=9 bytes_invalid=13 send_seq=224 receive_seq=224 retransmit_seq=2 srtt=0.003 rttvar=0.000 rto=0.025 ready_bytes=0 stalled_bytes=0 freq=72000597 heater_bed: target=0 temp=27.0 pwm=0.000  sysload=1.09 cputime=2.887 memavail=3486396 print_time=465315.183 buffer_time=0.000 print_stall=0 extruder: target=0 temp=27.1 pwm=0.000
Stats 465286.8: gcodein=0  mcu: mcu_awake=0.001 mcu_task_avg=0.000009 mcu_task_stddev=0.000007 bytes_write=2914 bytes_read=13459 bytes_retransmit=9 bytes_invalid=13 send_seq=255 receive_seq=255 retransmit_seq=2 srtt=0.003 rttvar=0.000 rto=0.025 ready_bytes=0 stalled_bytes=0 freq=72000600 heater_bed: target=0 temp=26.9 pwm=0.000  sysload=1.09 cputime=2.936 memavail=3486292 print_time=465316.163 buffer_time=0.000 print_stall=0 extruder: target=0 temp=27.0 pwm=0.000
Stats 465287.8: gcodein=0  mcu: mcu_awake=0.003 mcu_task_avg=0.000015 mcu_task_stddev=0.000011 bytes_write=3295 bytes_read=13879 bytes_retransmit=9 bytes_invalid=13 send_seq=285 receive_seq=285 retransmit_seq=2 srtt=0.003 rttvar=0.000 rto=0.025 ready_bytes=0 stalled_bytes=0 freq=72000595 heater_bed: target=0 temp=27.0 pwm=0.000  sysload=1.00 cputime=2.973 memavail=3486336 print_time=465317.163 buffer_time=0.000 print_stall=0 extruder: target=0 temp=27.1 pwm=0.000
Stats 465288.8: gcodein=0  mcu: mcu_awake=0.003 mcu_task_avg=0.000015 mcu_task_stddev=0.000011 bytes_write=3666 bytes_read=14275 bytes_retransmit=9 bytes_invalid=13 send_seq=313 receive_seq=313 retransmit_seq=2 srtt=0.003 rttvar=0.000 rto=0.025 ready_bytes=0 stalled_bytes=0 freq=72000595 heater_bed: target=0 temp=27.0 pwm=0.000  sysload=1.00 cputime=3.011 memavail=3486240 print_time=465318.163 buffer_time=0.000 print_stall=0 extruder: target=0 temp=27.1 pwm=0.000
Stats 465289.8: gcodein=0  mcu: mcu_awake=0.003 mcu_task_avg=0.000015 mcu_task_stddev=0.000011 bytes_write=4037 bytes_read=14656 bytes_retransmit=9 bytes_invalid=13 send_seq=341 receive_seq=341 retransmit_seq=2 srtt=0.003 rttvar=0.000 rto=0.025 ready_bytes=0 stalled_bytes=0 freq=72000591 heater_bed: target=0 temp=27.1 pwm=0.000  sysload=1.00 cputime=3.047 memavail=3486480 print_time=465319.163 buffer_time=0.000 print_stall=0 extruder: target=0 temp=27.1 pwm=0.000
Stats 465290.8: gcodein=0  mcu: mcu_awake=0.003 mcu_task_avg=0.000015 mcu_task_stddev=0.000011 bytes_write=4413 bytes_read=15057 bytes_retransmit=9 bytes_invalid=13 send_seq=370 receive_seq=370 retransmit_seq=2 srtt=0.003 rttvar=0.000 rto=0.025 ready_bytes=0 stalled_bytes=0 freq=72000590 heater_bed: target=0 temp=27.0 pwm=0.000  sysload=1.00 cputime=3.081 memavail=3486480 print_time=465320.163 buffer_time=0.000 print_stall=0 extruder: target=0 temp=27.2 pwm=0.000
Stats 465291.8: gcodein=0  mcu: mcu_awake=0.003 mcu_task_avg=0.000015 mcu_task_stddev=0.000011 bytes_write=4861 bytes_read=15440 bytes_retransmit=9 bytes_invalid=13 send_seq=395 receive_seq=395 retransmit_seq=2 srtt=0.003 rttvar=0.000 rto=0.025 ready_bytes=0 stalled_bytes=0 freq=72000592 heater_bed: target=0 temp=26.9 pwm=0.000  sysload=1.00 cputime=3.120 memavail=3486724 print_time=465321.166 buffer_time=0.000 print_stall=0 extruder: target=0 temp=27.1 pwm=0.000
Stats 465292.8: gcodein=0  mcu: mcu_awake=0.005 mcu_task_avg=0.000016 mcu_task_stddev=0.000009 bytes_write=5616 bytes_read=15990 bytes_retransmit=9 bytes_invalid=13 send_seq=431 receive_seq=431 retransmit_seq=2 srtt=0.003 rttvar=0.001 rto=0.025 ready_bytes=0 stalled_bytes=0 freq=72000589 heater_bed: target=0 temp=27.0 pwm=0.000  sysload=0.92 cputime=3.168 memavail=3486724 print_time=465322.194 buffer_time=0.000 print_stall=0 extruder: target=0 temp=27.0 pwm=0.000
Stats 465293.8: gcodein=0  mcu: mcu_awake=0.005 mcu_task_avg=0.000016 mcu_task_stddev=0.000009 bytes_write=6232 bytes_read=16541 bytes_retransmit=9 bytes_invalid=13 send_seq=462 receive_seq=462 retransmit_seq=2 srtt=0.003 rttvar=0.001 rto=0.025 ready_bytes=0 stalled_bytes=0 freq=72000585 heater_bed: target=0 temp=27.1 pwm=0.000  sysload=0.92 cputime=3.198 memavail=3486724 print_time=465323.194 buffer_time=0.000 print_stall=0 extruder: target=0 temp=27.0 pwm=0.000
Stats 465294.8: gcodein=0  mcu: mcu_awake=0.005 mcu_task_avg=0.000016 mcu_task_stddev=0.000009 bytes_write=6848 bytes_read=17092 bytes_retransmit=9 bytes_invalid=13 send_seq=493 receive_seq=493 retransmit_seq=2 srtt=0.003 rttvar=0.001 rto=0.025 ready_bytes=0 stalled_bytes=0 freq=72000584 heater_bed: target=0 temp=27.0 pwm=0.000  sysload=0.92 cputime=3.229 memavail=3486724 print_time=465324.194 buffer_time=0.000 print_stall=0 extruder: target=0 temp=26.9 pwm=0.000
Stats 465295.8: gcodein=0  mcu: mcu_awake=0.005 mcu_task_avg=0.000016 mcu_task_stddev=0.000009 bytes_write=7464 bytes_read=17628 bytes_retransmit=9 bytes_invalid=13 send_seq=524 receive_seq=524 retransmit_seq=2 srtt=0.003 rttvar=0.001 rto=0.025 ready_bytes=0 stalled_bytes=0 freq=72000581 heater_bed: target=0 temp=26.8 pwm=0.000  sysload=0.92 cputime=3.260 memavail=3486724 print_time=465325.194 buffer_time=0.000 print_stall=0 extruder: target=0 temp=27.0 pwm=0.000
Stats 465296.8: gcodein=0  mcu: mcu_awake=0.005 mcu_task_avg=0.000016 mcu_task_stddev=0.000009 bytes_write=8080 bytes_read=18179 bytes_retransmit=9 bytes_invalid=13 send_seq=555 receive_seq=555 retransmit_seq=2 srtt=0.003 rttvar=0.001 rto=0.025 ready_bytes=0 stalled_bytes=0 freq=72000582 heater_bed: target=0 temp=27.0 pwm=0.000  sysload=0.92 cputime=3.292 memavail=3486512 print_time=465326.194 buffer_time=0.000 print_stall=0 extruder: target=0 temp=26.9 pwm=0.000
Stats 465297.8: gcodein=0  mcu: mcu_awake=0.006 mcu_task_avg=0.000019 mcu_task_stddev=0.000009 bytes_write=8696 bytes_read=18745 bytes_retransmit=9 bytes_invalid=13 send_seq=586 receive_seq=586 retransmit_seq=2 srtt=0.003 rttvar=0.001 rto=0.025 ready_bytes=0 stalled_bytes=0 freq=72000579 heater_bed: target=0 temp=27.0 pwm=0.000  sysload=0.85 cputime=3.323 memavail=3486512 print_time=465327.194 buffer_time=0.000 print_stall=0 extruder: target=0 temp=27.2 pwm=0.000
Stats 465298.8: gcodein=0  mcu: mcu_awake=0.006 mcu_task_avg=0.000019 mcu_task_stddev=0.000009 bytes_write=9270 bytes_read=19083 bytes_retransmit=9 bytes_invalid=13 send_seq=605 receive_seq=605 retransmit_seq=2 srtt=0.003 rttvar=0.000 rto=0.025 ready_bytes=0 stalled_bytes=0 freq=72000582 heater_bed: target=0 temp=27.2 pwm=0.000  sysload=0.85 cputime=3.354 memavail=3486452 print_time=465328.428 buffer_time=0.000 print_stall=0 extruder: target=0 temp=27.1 pwm=0.000
Stats 465299.8: gcodein=0  mcu: mcu_awake=0.006 mcu_task_avg=0.000019 mcu_task_stddev=0.000009 bytes_write=9735 bytes_read=19477 bytes_retransmit=9 bytes_invalid=13 send_seq=627 receive_seq=627 retransmit_seq=2 srtt=0.003 rttvar=0.001 rto=0.025 ready_bytes=0 stalled_bytes=0 freq=72000579 heater_bed: target=0 temp=26.9 pwm=0.000  sysload=0.85 cputime=3.383 memavail=3486452 print_time=465329.178 buffer_time=0.000 print_stall=0 extruder: target=0 temp=27.2 pwm=0.000
Stats 465300.8: gcodein=0  mcu: mcu_awake=0.006 mcu_task_avg=0.000019 mcu_task_stddev=0.000009 bytes_write=10311 bytes_read=20028 bytes_retransmit=9 bytes_invalid=13 send_seq=658 receive_seq=658 retransmit_seq=2 srtt=0.003 rttvar=0.001 rto=0.025 ready_bytes=0 stalled_bytes=0 freq=72000580 heater_bed: target=0 temp=27.0 pwm=0.000  sysload=0.85 cputime=3.418 memavail=3486452 print_time=465330.178 buffer_time=0.000 print_stall=0 extruder: target=0 temp=27.1 pwm=0.000
Stats 465301.8: gcodein=0  mcu: mcu_awake=0.006 mcu_task_avg=0.000019 mcu_task_stddev=0.000009 bytes_write=11099 bytes_read=20543 bytes_retransmit=9 bytes_invalid=13 send_seq=690 receive_seq=690 retransmit_seq=2 srtt=0.003 rttvar=0.001 rto=0.025 ready_bytes=41 stalled_bytes=0 freq=72000577 heater_bed: target=0 temp=27.0 pwm=0.000  sysload=0.85 cputime=3.457 memavail=3485960 print_time=465332.038 buffer_time=1.031 print_stall=0 extruder: target=0 temp=27.2 pwm=0.000
Stats 465302.8: gcodein=0  mcu: mcu_awake=0.004 mcu_task_avg=0.000018 mcu_task_stddev=0.000013 bytes_write=11146 bytes_read=20679 bytes_retransmit=9 bytes_invalid=13 send_seq=691 receive_seq=691 retransmit_seq=2 srtt=0.003 rttvar=0.001 rto=0.025 ready_bytes=0 stalled_bytes=0 freq=72000584 heater_bed: target=0 temp=27.1 pwm=0.000  sysload=0.78 cputime=3.472 memavail=3485928 print_time=465332.038 buffer_time=0.030 print_stall=0 extruder: target=0 temp=27.1 pwm=0.000
Stats 465303.8: gcodein=0  mcu: mcu_awake=0.004 mcu_task_avg=0.000018 mcu_task_stddev=0.000013 bytes_write=11152 bytes_read=20800 bytes_retransmit=9 bytes_invalid=13 send_seq=692 receive_seq=692 retransmit_seq=2 srtt=0.003 rttvar=0.000 rto=0.025 ready_bytes=0 stalled_bytes=0 freq=72000583 heater_bed: target=0 temp=27.1 pwm=0.000  sysload=0.78 cputime=3.486 memavail=3485928 print_time=465332.038 buffer_time=0.000 print_stall=0 extruder: target=0 temp=27.0 pwm=0.000
Stats 465304.8: gcodein=0  mcu: mcu_awake=0.004 mcu_task_avg=0.000018 mcu_task_stddev=0.000013 bytes_write=11158 bytes_read=20906 bytes_retransmit=9 bytes_invalid=13 send_seq=693 receive_seq=693 retransmit_seq=2 srtt=0.003 rttvar=0.000 rto=0.025 ready_bytes=0 stalled_bytes=0 freq=72000585 heater_bed: target=0 temp=27.1 pwm=0.000  sysload=0.78 cputime=3.500 memavail=3485928 print_time=465332.038 buffer_time=0.000 print_stall=0 extruder: target=0 temp=27.1 pwm=0.000
Stats 465305.8: gcodein=0  mcu: mcu_awake=0.004 mcu_task_avg=0.000018 mcu_task_stddev=0.000013 bytes_write=11164 bytes_read=21027 bytes_retransmit=9 bytes_invalid=13 send_seq=694 receive_seq=694 retransmit_seq=2 srtt=0.003 rttvar=0.000 rto=0.025 ready_bytes=0 stalled_bytes=0 freq=72000584 heater_bed: target=0 temp=26.9 pwm=0.000  sysload=0.78 cputime=3.515 memavail=3485928 print_time=465332.038 buffer_time=0.000 print_stall=0 extruder: target=0 temp=27.1 pwm=0.000
Stats 465306.8: gcodein=0  mcu: mcu_awake=0.004 mcu_task_avg=0.000018 mcu_task_stddev=0.000013 bytes_write=11170 bytes_read=21148 bytes_retransmit=9 bytes_invalid=13 send_seq=695 receive_seq=695 retransmit_seq=2 srtt=0.003 rttvar=0.001 rto=0.025 ready_bytes=0 stalled_bytes=0 freq=72000583 heater_bed: target=0 temp=27.0 pwm=0.000  sysload=0.78 cputime=3.529 memavail=3485928 print_time=465332.038 buffer_time=0.000 print_stall=0 extruder: target=0 temp=27.3 pwm=0.000
Stats 465307.8: gcodein=0  mcu: mcu_awake=0.001 mcu_task_avg=0.000009 mcu_task_stddev=0.000007 bytes_write=11176 bytes_read=21267 bytes_retransmit=9 bytes_invalid=13 send_seq=696 receive_seq=696 retransmit_seq=2 srtt=0.003 rttvar=0.001 rto=0.025 ready_bytes=0 stalled_bytes=0 freq=72000582 heater_bed: target=0 temp=27.0 pwm=0.000  sysload=0.72 cputime=3.542 memavail=3485928 print_time=465332.038 buffer_time=0.000 print_stall=0 extruder: target=0 temp=27.1 pwm=0.000
Stats 465308.8: gcodein=0  mcu: mcu_awake=0.001 mcu_task_avg=0.000009 mcu_task_stddev=0.000007 bytes_write=11182 bytes_read=21388 bytes_retransmit=9 bytes_invalid=13 send_seq=697 receive_seq=697 retransmit_seq=2 srtt=0.003 rttvar=0.001 rto=0.025 ready_bytes=0 stalled_bytes=0 freq=72000582 heater_bed: target=0 temp=27.1 pwm=0.000  sysload=0.72 cputime=3.557 memavail=3485928 print_time=465332.038 buffer_time=0.000 print_stall=0 extruder: target=0 temp=27.2 pwm=0.000
Stats 465309.8: gcodein=0  mcu: mcu_awake=0.001 mcu_task_avg=0.000009 mcu_task_stddev=0.000007 bytes_write=11188 bytes_read=21509 bytes_retransmit=9 bytes_invalid=13 send_seq=698 receive_seq=698 retransmit_seq=2 srtt=0.003 rttvar=0.001 rto=0.025 ready_bytes=0 stalled_bytes=0 freq=72000580 heater_bed: target=0 temp=26.8 pwm=0.000  sysload=0.72 cputime=3.571 memavail=3485928 print_time=465332.038 buffer_time=0.000 print_stall=0 extruder: target=0 temp=27.0 pwm=0.000
Stats 465310.8: gcodein=0  mcu: mcu_awake=0.001 mcu_task_avg=0.000009 mcu_task_stddev=0.000007 bytes_write=11194 bytes_read=21615 bytes_retransmit=9 bytes_invalid=13 send_seq=699 receive_seq=699 retransmit_seq=2 srtt=0.003 rttvar=0.001 rto=0.025 ready_bytes=0 stalled_bytes=0 freq=72000579 heater_bed: target=0 temp=27.1 pwm=0.000  sysload=0.72 cputime=3.584 memavail=3485928 print_time=465332.038 buffer_time=0.000 print_stall=0 extruder: target=0 temp=27.0 pwm=0.000
Stats 465311.8: gcodein=0  mcu: mcu_awake=0.001 mcu_task_avg=0.000009 mcu_task_stddev=0.000007 bytes_write=11200 bytes_read=21736 bytes_retransmit=9 bytes_invalid=13 send_seq=700 receive_seq=700 retransmit_seq=2 srtt=0.003 rttvar=0.000 rto=0.025 ready_bytes=0 stalled_bytes=0 freq=72000578 heater_bed: target=0 temp=27.1 pwm=0.000  sysload=0.72 cputime=3.598 memavail=3485932 print_time=465332.038 buffer_time=0.000 print_stall=0 extruder: target=0 temp=27.1 pwm=0.000
Stats 465312.8: gcodein=0  mcu: mcu_awake=0.001 mcu_task_avg=0.000009 mcu_task_stddev=0.000007 bytes_write=11206 bytes_read=21857 bytes_retransmit=9 bytes_invalid=13 send_seq=701 receive_seq=701 retransmit_seq=2 srtt=0.003 rttvar=0.000 rto=0.025 ready_bytes=0 stalled_bytes=0 freq=72000577 heater_bed: target=0 temp=26.9 pwm=0.000  sysload=0.66 cputime=3.612 memavail=3485932 print_time=465332.038 buffer_time=0.000 print_stall=0 extruder: target=0 temp=27.2 pwm=0.000
Stats 465313.8: gcodein=0  mcu: mcu_awake=0.001 mcu_task_avg=0.000009 mcu_task_stddev=0.000008 bytes_write=11212 bytes_read=21976 bytes_retransmit=9 bytes_invalid=13 send_seq=702 receive_seq=702 retransmit_seq=2 srtt=0.003 rttvar=0.000 rto=0.025 ready_bytes=0 stalled_bytes=0 freq=72000580 heater_bed: target=0 temp=27.1 pwm=0.000  sysload=0.66 cputime=3.625 memavail=3485932 print_time=465332.038 buffer_time=0.000 print_stall=0 extruder: target=0 temp=27.1 pwm=0.000
Stats 465314.8: gcodein=0  mcu: mcu_awake=0.001 mcu_task_avg=0.000009 mcu_task_stddev=0.000008 bytes_write=11218 bytes_read=22097 bytes_retransmit=9 bytes_invalid=13 send_seq=703 receive_seq=703 retransmit_seq=2 srtt=0.003 rttvar=0.000 rto=0.025 ready_bytes=0 stalled_bytes=0 freq=72000579 heater_bed: target=0 temp=26.9 pwm=0.000  sysload=0.66 cputime=3.638 memavail=3485932 print_time=465332.038 buffer_time=0.000 print_stall=0 extruder: target=0 temp=27.2 pwm=0.000
Stats 465315.8: gcodein=0  mcu: mcu_awake=0.001 mcu_task_avg=0.000009 mcu_task_stddev=0.000008 bytes_write=11224 bytes_read=22218 bytes_retransmit=9 bytes_invalid=13 send_seq=704 receive_seq=704 retransmit_seq=2 srtt=0.003 rttvar=0.000 rto=0.025 ready_bytes=0 stalled_bytes=0 freq=72000581 heater_bed: target=0 temp=27.0 pwm=0.000  sysload=0.66 cputime=3.652 memavail=3485932 print_time=465332.038 buffer_time=0.000 print_stall=0 extruder: target=0 temp=27.1 pwm=0.000
Stats 465316.8: gcodein=0  mcu: mcu_awake=0.001 mcu_task_avg=0.000009 mcu_task_stddev=0.000008 bytes_write=11230 bytes_read=22324 bytes_retransmit=9 bytes_invalid=13 send_seq=705 receive_seq=705 retransmit_seq=2 srtt=0.003 rttvar=0.000 rto=0.025 ready_bytes=0 stalled_bytes=0 freq=72000580 heater_bed: target=0 temp=27.0 pwm=0.000  sysload=0.66 cputime=3.665 memavail=3485932 print_time=465332.038 buffer_time=0.000 print_stall=0 extruder: target=0 temp=27.0 pwm=0.000
Stats 465317.8: gcodein=0  mcu: mcu_awake=0.001 mcu_task_avg=0.000009 mcu_task_stddev=0.000008 bytes_write=11236 bytes_read=22442 bytes_retransmit=9 bytes_invalid=13 send_seq=706 receive_seq=706 retransmit_seq=2 srtt=0.003 rttvar=0.000 rto=0.025 ready_bytes=0 stalled_bytes=0 freq=72000585 heater_bed: target=0 temp=27.0 pwm=0.000  sysload=0.61 cputime=3.680 memavail=3485932 print_time=465332.038 buffer_time=0.000 print_stall=0 extruder: target=0 temp=27.2 pwm=0.000
Stats 465318.8: gcodein=0  mcu: mcu_awake=0.001 mcu_task_avg=0.000009 mcu_task_stddev=0.000008 bytes_write=11242 bytes_read=22568 bytes_retransmit=9 bytes_invalid=13 send_seq=707 receive_seq=707 retransmit_seq=2 srtt=0.003 rttvar=0.000 rto=0.025 ready_bytes=0 stalled_bytes=0 freq=72000584 heater_bed: target=0 temp=27.1 pwm=0.000  sysload=0.61 cputime=3.694 memavail=3485932 print_time=465332.038 buffer_time=0.000 print_stall=0 extruder: target=0 temp=27.0 pwm=0.000
Stats 465319.8: gcodein=0  mcu: mcu_awake=0.001 mcu_task_avg=0.000009 mcu_task_stddev=0.000008 bytes_write=11248 bytes_read=22667 bytes_retransmit=9 bytes_invalid=13 send_seq=708 receive_seq=708 retransmit_seq=2 srtt=0.003 rttvar=0.000 rto=0.025 ready_bytes=0 stalled_bytes=0 freq=72000582 heater_bed: target=0 temp=27.0 pwm=0.000  sysload=0.61 cputime=3.708 memavail=3485932 print_time=465332.038 buffer_time=0.000 print_stall=0 extruder: target=0 temp=27.1 pwm=0.000
Stats 465320.8: gcodein=0  mcu: mcu_awake=0.001 mcu_task_avg=0.000009 mcu_task_stddev=0.000008 bytes_write=11254 bytes_read=22780 bytes_retransmit=9 bytes_invalid=13 send_seq=709 receive_seq=709 retransmit_seq=2 srtt=0.003 rttvar=0.000 rto=0.025 ready_bytes=0 stalled_bytes=0 freq=72000582 heater_bed: target=0 temp=27.1 pwm=0.000  sysload=0.61 cputime=3.723 memavail=3485932 print_time=465332.038 buffer_time=0.000 print_stall=0 extruder: target=0 temp=27.2 pwm=0.000
Stats 465321.8: gcodein=0  mcu: mcu_awake=0.001 mcu_task_avg=0.000009 mcu_task_stddev=0.000008 bytes_write=11260 bytes_read=22898 bytes_retransmit=9 bytes_invalid=13 send_seq=710 receive_seq=710 retransmit_seq=2 srtt=0.003 rttvar=0.000 rto=0.025 ready_bytes=0 stalled_bytes=0 freq=72000581 heater_bed: target=0 temp=27.0 pwm=0.000  sysload=0.61 cputime=3.738 memavail=3485928 print_time=465332.038 buffer_time=0.000 print_stall=0 extruder: target=0 temp=27.2 pwm=0.000
Stats 465322.8: gcodein=0  mcu: mcu_awake=0.001 mcu_task_avg=0.000009 mcu_task_stddev=0.000008 bytes_write=11266 bytes_read=23004 bytes_retransmit=9 bytes_invalid=13 send_seq=711 receive_seq=711 retransmit_seq=2 srtt=0.003 rttvar=0.000 rto=0.025 ready_bytes=0 stalled_bytes=0 freq=72000581 heater_bed: target=0 temp=27.1 pwm=0.000  sysload=0.56 cputime=3.752 memavail=3485932 print_time=465332.038 buffer_time=0.000 print_stall=0 extruder: target=0 temp=27.1 pwm=0.000
Stats 465323.8: gcodein=0  mcu: mcu_awake=0.001 mcu_task_avg=0.000009 mcu_task_stddev=0.000007 bytes_write=11272 bytes_read=23138 bytes_retransmit=9 bytes_invalid=13 send_seq=712 receive_seq=712 retransmit_seq=2 srtt=0.003 rttvar=0.000 rto=0.025 ready_bytes=0 stalled_bytes=0 freq=72000581 heater_bed: target=0 temp=27.2 pwm=0.000  sysload=0.56 cputime=3.766 memavail=3485940 print_time=465332.038 buffer_time=0.000 print_stall=0 extruder: target=0 temp=27.2 pwm=0.000
Stats 465324.8: gcodein=0  mcu: mcu_awake=0.001 mcu_task_avg=0.000009 mcu_task_stddev=0.000007 bytes_write=11278 bytes_read=23259 bytes_retransmit=9 bytes_invalid=13 send_seq=713 receive_seq=713 retransmit_seq=2 srtt=0.003 rttvar=0.000 rto=0.025 ready_bytes=0 stalled_bytes=0 freq=72000580 heater_bed: target=0 temp=27.0 pwm=0.000  sysload=0.56 cputime=3.779 memavail=3485940 print_time=465332.038 buffer_time=0.000 print_stall=0 extruder: target=0 temp=27.2 pwm=0.000
Stats 465325.8: gcodein=0  mcu: mcu_awake=0.001 mcu_task_avg=0.000009 mcu_task_stddev=0.000007 bytes_write=11284 bytes_read=23365 bytes_retransmit=9 bytes_invalid=13 send_seq=714 receive_seq=714 retransmit_seq=2 srtt=0.003 rttvar=0.000 rto=0.025 ready_bytes=0 stalled_bytes=0 freq=72000581 heater_bed: target=0 temp=27.0 pwm=0.000  sysload=0.56 cputime=3.793 memavail=3485940 print_time=465332.038 buffer_time=0.000 print_stall=0 extruder: target=0 temp=27.1 pwm=0.000
Stats 465326.8: gcodein=0  mcu: mcu_awake=0.001 mcu_task_avg=0.000009 mcu_task_stddev=0.000007 bytes_write=11290 bytes_read=23486 bytes_retransmit=9 bytes_invalid=13 send_seq=715 receive_seq=715 retransmit_seq=2 srtt=0.003 rttvar=0.000 rto=0.025 ready_bytes=0 stalled_bytes=0 freq=72000580 heater_bed: target=0 temp=26.9 pwm=0.000  sysload=0.56 cputime=3.807 memavail=3485940 print_time=465332.038 buffer_time=0.000 print_stall=0 extruder: target=0 temp=27.3 pwm=0.000
Stats 465327.8: gcodein=0  mcu: mcu_awake=0.001 mcu_task_avg=0.000009 mcu_task_stddev=0.000007 bytes_write=11296 bytes_read=23607 bytes_retransmit=9 bytes_invalid=13 send_seq=716 receive_seq=716 retransmit_seq=2 srtt=0.003 rttvar=0.000 rto=0.025 ready_bytes=0 stalled_bytes=0 freq=72000580 heater_bed: target=0 temp=27.1 pwm=0.000  sysload=0.51 cputime=3.822 memavail=3485940 print_time=465332.038 buffer_time=0.000 print_stall=0 extruder: target=0 temp=27.1 pwm=0.000
Stats 465328.8: gcodein=0  mcu: mcu_awake=0.001 mcu_task_avg=0.000009 mcu_task_stddev=0.000007 bytes_write=11308 bytes_read=23742 bytes_retransmit=9 bytes_invalid=13 send_seq=718 receive_seq=718 retransmit_seq=2 srtt=0.003 rttvar=0.000 rto=0.025 ready_bytes=0 stalled_bytes=0 freq=72000581 heater_bed: target=0 temp=27.0 pwm=0.000  sysload=0.51 cputime=3.837 memavail=3485940 print_time=465332.038 buffer_time=0.000 print_stall=0 extruder: target=0 temp=27.1 pwm=0.000
Stats 465329.8: gcodein=0  mcu: mcu_awake=0.001 mcu_task_avg=0.000009 mcu_task_stddev=0.000007 bytes_write=11314 bytes_read=23863 bytes_retransmit=9 bytes_invalid=13 send_seq=719 receive_seq=719 retransmit_seq=2 srtt=0.003 rttvar=0.000 rto=0.025 ready_bytes=0 stalled_bytes=0 freq=72000580 heater_bed: target=0 temp=26.9 pwm=0.000  sysload=0.51 cputime=3.850 memavail=3485940 print_time=465332.038 buffer_time=0.000 print_stall=0 extruder: target=0 temp=27.1 pwm=0.000
Stats 465330.8: gcodein=0  mcu: mcu_awake=0.001 mcu_task_avg=0.000009 mcu_task_stddev=0.000007 bytes_write=11320 bytes_read=23984 bytes_retransmit=9 bytes_invalid=13 send_seq=720 receive_seq=720 retransmit_seq=2 srtt=0.003 rttvar=0.000 rto=0.025 ready_bytes=0 stalled_bytes=0 freq=72000579 heater_bed: target=0 temp=27.1 pwm=0.000  sysload=0.51 cputime=3.863 memavail=3485940 print_time=465332.038 buffer_time=0.000 print_stall=0 extruder: target=0 temp=27.0 pwm=0.000
Stats 465331.8: gcodein=0  mcu: mcu_awake=0.001 mcu_task_avg=0.000009 mcu_task_stddev=0.000007 bytes_write=11326 bytes_read=24090 bytes_retransmit=9 bytes_invalid=13 send_seq=721 receive_seq=721 retransmit_seq=2 srtt=0.003 rttvar=0.000 rto=0.025 ready_bytes=0 stalled_bytes=0 freq=72000580 heater_bed: target=0 temp=27.2 pwm=0.000  sysload=0.51 cputime=3.877 memavail=3485700 print_time=465332.038 buffer_time=0.000 print_stall=0 extruder: target=0 temp=27.1 pwm=0.000
Stats 465332.8: gcodein=0  mcu: mcu_awake=0.001 mcu_task_avg=0.000009 mcu_task_stddev=0.000007 bytes_write=11332 bytes_read=24211 bytes_retransmit=9 bytes_invalid=13 send_seq=722 receive_seq=722 retransmit_seq=2 srtt=0.003 rttvar=0.000 rto=0.025 ready_bytes=0 stalled_bytes=0 freq=72000579 heater_bed: target=0 temp=27.1 pwm=0.000  sysload=0.47 cputime=3.890 memavail=3485692 print_time=465332.038 buffer_time=0.000 print_stall=0 extruder: target=0 temp=27.0 pwm=0.000
Stats 465333.8: gcodein=0  mcu: mcu_awake=0.001 mcu_task_avg=0.000009 mcu_task_stddev=0.000008 bytes_write=11338 bytes_read=24345 bytes_retransmit=9 bytes_invalid=13 send_seq=723 receive_seq=723 retransmit_seq=2 srtt=0.003 rttvar=0.000 rto=0.025 ready_bytes=0 stalled_bytes=0 freq=72000578 heater_bed: target=0 temp=27.0 pwm=0.000  sysload=0.47 cputime=3.905 memavail=3485692 print_time=465332.038 buffer_time=0.000 print_stall=0 extruder: target=0 temp=27.1 pwm=0.000
Stats 465334.8: gcodein=0  mcu: mcu_awake=0.001 mcu_task_avg=0.000009 mcu_task_stddev=0.000008 bytes_write=11344 bytes_read=24451 bytes_retransmit=9 bytes_invalid=13 send_seq=724 receive_seq=724 retransmit_seq=2 srtt=0.003 rttvar=0.000 rto=0.025 ready_bytes=0 stalled_bytes=0 freq=72000583 heater_bed: target=0 temp=26.9 pwm=0.000  sysload=0.47 cputime=3.918 memavail=3485692 print_time=465332.038 buffer_time=0.000 print_stall=0 extruder: target=0 temp=27.0 pwm=0.000
Stats 465335.8: gcodein=0  mcu: mcu_awake=0.001 mcu_task_avg=0.000009 mcu_task_stddev=0.000008 bytes_write=11350 bytes_read=24572 bytes_retransmit=9 bytes_invalid=13 send_seq=725 receive_seq=725 retransmit_seq=2 srtt=0.003 rttvar=0.000 rto=0.025 ready_bytes=0 stalled_bytes=0 freq=72000581 heater_bed: target=0 temp=27.1 pwm=0.000  sysload=0.47 cputime=3.932 memavail=3485692 print_time=465332.038 buffer_time=0.000 print_stall=0 extruder: target=0 temp=27.1 pwm=0.000
Stats 465336.8: gcodein=0  mcu: mcu_awake=0.001 mcu_task_avg=0.000009 mcu_task_stddev=0.000008 bytes_write=11356 bytes_read=24693 bytes_retransmit=9 bytes_invalid=13 send_seq=726 receive_seq=726 retransmit_seq=2 srtt=0.003 rttvar=0.000 rto=0.025 ready_bytes=0 stalled_bytes=0 freq=72000580 heater_bed: target=0 temp=26.9 pwm=0.000  sysload=0.47 cputime=3.945 memavail=3485692 print_time=465332.038 buffer_time=0.000 print_stall=0 extruder: target=0 temp=27.3 pwm=0.000
Stats 465337.8: gcodein=0  mcu: mcu_awake=0.001 mcu_task_avg=0.000009 mcu_task_stddev=0.000008 bytes_write=11362 bytes_read=24799 bytes_retransmit=9 bytes_invalid=13 send_seq=727 receive_seq=727 retransmit_seq=2 srtt=0.003 rttvar=0.000 rto=0.025 ready_bytes=0 stalled_bytes=0 freq=72000582 heater_bed: target=0 temp=27.1 pwm=0.000  sysload=0.43 cputime=3.958 memavail=3485692 print_time=465332.038 buffer_time=0.000 print_stall=0 extruder: target=0 temp=27.1 pwm=0.000
Stats 465338.8: gcodein=0  mcu: mcu_awake=0.001 mcu_task_avg=0.000009 mcu_task_stddev=0.000008 bytes_write=11368 bytes_read=24933 bytes_retransmit=9 bytes_invalid=13 send_seq=728 receive_seq=728 retransmit_seq=2 srtt=0.003 rttvar=0.000 rto=0.025 ready_bytes=0 stalled_bytes=0 freq=72000581 heater_bed: target=0 temp=27.0 pwm=0.000  sysload=0.43 cputime=3.972 memavail=3485696 print_time=465332.038 buffer_time=0.000 print_stall=0 extruder: target=0 temp=27.1 pwm=0.000
Stats 465339.8: gcodein=0  mcu: mcu_awake=0.001 mcu_task_avg=0.000009 mcu_task_stddev=0.000008 bytes_write=11374 bytes_read=25054 bytes_retransmit=9 bytes_invalid=13 send_seq=729 receive_seq=729 retransmit_seq=2 srtt=0.003 rttvar=0.000 rto=0.025 ready_bytes=0 stalled_bytes=0 freq=72000580 heater_bed: target=0 temp=27.0 pwm=0.000  sysload=0.43 cputime=3.986 memavail=3485696 print_time=465332.038 buffer_time=0.000 print_stall=0 extruder: target=0 temp=26.9 pwm=0.000
Stats 465340.8: gcodein=0  mcu: mcu_awake=0.001 mcu_task_avg=0.000009 mcu_task_stddev=0.000008 bytes_write=11380 bytes_read=25160 bytes_retransmit=9 bytes_invalid=13 send_seq=730 receive_seq=730 retransmit_seq=2 srtt=0.003 rttvar=0.000 rto=0.025 ready_bytes=0 stalled_bytes=0 freq=72000580 heater_bed: target=0 temp=27.0 pwm=0.000  sysload=0.43 cputime=4.000 memavail=3485696 print_time=465332.038 buffer_time=0.000 print_stall=0 extruder: target=0 temp=27.1 pwm=0.000
Stats 465341.8: gcodein=0  mcu: mcu_awake=0.001 mcu_task_avg=0.000009 mcu_task_stddev=0.000008 bytes_write=11386 bytes_read=25281 bytes_retransmit=9 bytes_invalid=13 send_seq=731 receive_seq=731 retransmit_seq=2 srtt=0.003 rttvar=0.000 rto=0.025 ready_bytes=0 stalled_bytes=0 freq=72000579 heater_bed: target=0 temp=27.1 pwm=0.000  sysload=0.43 cputime=4.015 memavail=3485932 print_time=465332.038 buffer_time=0.000 print_stall=0 extruder: target=0 temp=27.1 pwm=0.000
Stats 465342.8: gcodein=0  mcu: mcu_awake=0.001 mcu_task_avg=0.000009 mcu_task_stddev=0.000008 bytes_write=11392 bytes_read=25402 bytes_retransmit=9 bytes_invalid=13 send_seq=732 receive_seq=732 retransmit_seq=2 srtt=0.003 rttvar=0.000 rto=0.025 ready_bytes=0 stalled_bytes=0 freq=72000578 heater_bed: target=0 temp=27.1 pwm=0.000  sysload=0.40 cputime=4.029 memavail=3485952 print_time=465332.038 buffer_time=0.000 print_stall=0 extruder: target=0 temp=27.1 pwm=0.000
Stats 465343.8: gcodein=0  mcu: mcu_awake=0.001 mcu_task_avg=0.000009 mcu_task_stddev=0.000008 bytes_write=11398 bytes_read=25521 bytes_retransmit=9 bytes_invalid=13 send_seq=733 receive_seq=733 retransmit_seq=2 srtt=0.003 rttvar=0.000 rto=0.025 ready_bytes=0 stalled_bytes=0 freq=72000576 heater_bed: target=0 temp=27.0 pwm=0.000  sysload=0.40 cputime=4.042 memavail=3485952 print_time=465332.038 buffer_time=0.000 print_stall=0 extruder: target=0 temp=27.0 pwm=0.000
Stats 465344.8: gcodein=0  mcu: mcu_awake=0.001 mcu_task_avg=0.000009 mcu_task_stddev=0.000008 bytes_write=11404 bytes_read=25642 bytes_retransmit=9 bytes_invalid=13 send_seq=734 receive_seq=734 retransmit_seq=2 srtt=0.003 rttvar=0.000 rto=0.025 ready_bytes=0 stalled_bytes=0 freq=72000576 heater_bed: target=0 temp=27.0 pwm=0.000  sysload=0.40 cputime=4.055 memavail=3485952 print_time=465332.038 buffer_time=0.000 print_stall=0 extruder: target=0 temp=27.1 pwm=0.000
Stats 465345.8: gcodein=0  mcu: mcu_awake=0.001 mcu_task_avg=0.000009 mcu_task_stddev=0.000008 bytes_write=11410 bytes_read=25763 bytes_retransmit=9 bytes_invalid=13 send_seq=735 receive_seq=735 retransmit_seq=2 srtt=0.003 rttvar=0.000 rto=0.025 ready_bytes=0 stalled_bytes=0 freq=72000578 heater_bed: target=0 temp=27.1 pwm=0.000  sysload=0.40 cputime=4.068 memavail=3485952 print_time=465332.038 buffer_time=0.000 print_stall=0 extruder: target=0 temp=27.1 pwm=0.000
Stats 465346.8: gcodein=0  mcu: mcu_awake=0.001 mcu_task_avg=0.000009 mcu_task_stddev=0.000008 bytes_write=11416 bytes_read=25869 bytes_retransmit=9 bytes_invalid=13 send_seq=736 receive_seq=736 retransmit_seq=2 srtt=0.003 rttvar=0.000 rto=0.025 ready_bytes=0 stalled_bytes=0 freq=72000582 heater_bed: target=0 temp=27.0 pwm=0.000  sysload=0.40 cputime=4.082 memavail=3485952 print_time=465332.038 buffer_time=0.000 print_stall=0 extruder: target=0 temp=27.1 pwm=0.000
Stats 465347.8: gcodein=0  mcu: mcu_awake=0.001 mcu_task_avg=0.000009 mcu_task_stddev=0.000008 bytes_write=11422 bytes_read=25990 bytes_retransmit=9 bytes_invalid=13 send_seq=737 receive_seq=737 retransmit_seq=2 srtt=0.003 rttvar=0.000 rto=0.025 ready_bytes=0 stalled_bytes=0 freq=72000583 heater_bed: target=0 temp=26.9 pwm=0.000  sysload=0.37 cputime=4.097 memavail=3485952 print_time=465332.038 buffer_time=0.000 print_stall=0 extruder: target=0 temp=27.0 pwm=0.000
Stats 465348.9: gcodein=0  mcu: mcu_awake=0.001 mcu_task_avg=0.000009 mcu_task_stddev=0.000008 bytes_write=11428 bytes_read=26124 bytes_retransmit=9 bytes_invalid=13 send_seq=738 receive_seq=738 retransmit_seq=2 srtt=0.003 rttvar=0.000 rto=0.025 ready_bytes=0 stalled_bytes=0 freq=72000583 heater_bed: target=0 temp=27.2 pwm=0.000  sysload=0.37 cputime=4.112 memavail=3485952 print_time=465332.038 buffer_time=0.000 print_stall=0 extruder: target=0 temp=27.1 pwm=0.000
Stats 465349.9: gcodein=0  mcu: mcu_awake=0.001 mcu_task_avg=0.000009 mcu_task_stddev=0.000008 bytes_write=11434 bytes_read=26230 bytes_retransmit=9 bytes_invalid=13 send_seq=739 receive_seq=739 retransmit_seq=2 srtt=0.003 rttvar=0.000 rto=0.025 ready_bytes=0 stalled_bytes=0 freq=72000581 heater_bed: target=0 temp=26.9 pwm=0.000  sysload=0.37 cputime=4.126 memavail=3485952 print_time=465332.038 buffer_time=0.000 print_stall=0 extruder: target=0 temp=27.1 pwm=0.000
Stats 465350.9: gcodein=0  mcu: mcu_awake=0.001 mcu_task_avg=0.000009 mcu_task_stddev=0.000008 bytes_write=11440 bytes_read=26351 bytes_retransmit=9 bytes_invalid=13 send_seq=740 receive_seq=740 retransmit_seq=2 srtt=0.003 rttvar=0.000 rto=0.025 ready_bytes=0 stalled_bytes=0 freq=72000580 heater_bed: target=0 temp=27.1 pwm=0.000  sysload=0.37 cputime=4.140 memavail=3485952 print_time=465332.038 buffer_time=0.000 print_stall=0 extruder: target=0 temp=27.1 pwm=0.000
Stats 465351.9: gcodein=0  mcu: mcu_awake=0.001 mcu_task_avg=0.000009 mcu_task_stddev=0.000008 bytes_write=11446 bytes_read=26472 bytes_retransmit=9 bytes_invalid=13 send_seq=741 receive_seq=741 retransmit_seq=2 srtt=0.003 rttvar=0.000 rto=0.025 ready_bytes=0 stalled_bytes=0 freq=72000579 heater_bed: target=0 temp=26.9 pwm=0.000  sysload=0.37 cputime=4.154 memavail=3486460 print_time=465332.038 buffer_time=0.000 print_stall=0 extruder: target=0 temp=27.1 pwm=0.000
Stats 465352.9: gcodein=0  mcu: mcu_awake=0.001 mcu_task_avg=0.000009 mcu_task_stddev=0.000008 bytes_write=11452 bytes_read=26578 bytes_retransmit=9 bytes_invalid=13 send_seq=742 receive_seq=742 retransmit_seq=2 srtt=0.003 rttvar=0.000 rto=0.025 ready_bytes=0 stalled_bytes=0 freq=72000578 heater_bed: target=0 temp=26.9 pwm=0.000  sysload=0.34 cputime=4.168 memavail=3486460 print_time=465332.038 buffer_time=0.000 print_stall=0 extruder: target=0 temp=27.2 pwm=0.000
Stats 465353.9: gcodein=0  mcu: mcu_awake=0.001 mcu_task_avg=0.000009 mcu_task_stddev=0.000008 bytes_write=11458 bytes_read=26712 bytes_retransmit=9 bytes_invalid=13 send_seq=743 receive_seq=743 retransmit_seq=2 srtt=0.003 rttvar=0.000 rto=0.025 ready_bytes=0 stalled_bytes=0 freq=72000577 heater_bed: target=0 temp=27.0 pwm=0.000  sysload=0.34 cputime=4.182 memavail=3486460 print_time=465332.038 buffer_time=0.000 print_stall=0 extruder: target=0 temp=27.1 pwm=0.000
Stats 465354.9: gcodein=0  mcu: mcu_awake=0.001 mcu_task_avg=0.000009 mcu_task_stddev=0.000008 bytes_write=11464 bytes_read=26833 bytes_retransmit=9 bytes_invalid=13 send_seq=744 receive_seq=744 retransmit_seq=2 srtt=0.003 rttvar=0.000 rto=0.025 ready_bytes=0 stalled_bytes=0 freq=72000576 heater_bed: target=0 temp=27.1 pwm=0.000  sysload=0.34 cputime=4.194 memavail=3486460 print_time=465332.038 buffer_time=0.000 print_stall=0 extruder: target=0 temp=27.1 pwm=0.000
Stats 465355.9: gcodein=0  mcu: mcu_awake=0.001 mcu_task_avg=0.000009 mcu_task_stddev=0.000008 bytes_write=11470 bytes_read=26939 bytes_retransmit=9 bytes_invalid=13 send_seq=745 receive_seq=745 retransmit_seq=2 srtt=0.003 rttvar=0.000 rto=0.025 ready_bytes=0 stalled_bytes=0 freq=72000574 heater_bed: target=0 temp=27.2 pwm=0.000  sysload=0.34 cputime=4.207 memavail=3486460 print_time=465332.038 buffer_time=0.000 print_stall=0 extruder: target=0 temp=27.1 pwm=0.000
Stats 465356.9: gcodein=0  mcu: mcu_awake=0.001 mcu_task_avg=0.000009 mcu_task_stddev=0.000008 bytes_write=11476 bytes_read=27060 bytes_retransmit=9 bytes_invalid=13 send_seq=746 receive_seq=746 retransmit_seq=2 srtt=0.003 rttvar=0.000 rto=0.025 ready_bytes=0 stalled_bytes=0 freq=72000576 heater_bed: target=0 temp=27.1 pwm=0.000  sysload=0.34 cputime=4.220 memavail=3486460 print_time=465332.038 buffer_time=0.000 print_stall=0 extruder: target=0 temp=27.0 pwm=0.000
Stats 465357.9: gcodein=0  mcu: mcu_awake=0.001 mcu_task_avg=0.000009 mcu_task_stddev=0.000008 bytes_write=11482 bytes_read=27181 bytes_retransmit=9 bytes_invalid=13 send_seq=747 receive_seq=747 retransmit_seq=2 srtt=0.003 rttvar=0.000 rto=0.025 ready_bytes=0 stalled_bytes=0 freq=72000574 heater_bed: target=0 temp=27.0 pwm=0.000  sysload=0.31 cputime=4.234 memavail=3486460 print_time=465332.038 buffer_time=0.000 print_stall=0 extruder: target=0 temp=27.0 pwm=0.000
Stats 465358.9: gcodein=0  mcu: mcu_awake=0.001 mcu_task_avg=0.000009 mcu_task_stddev=0.000008 bytes_write=11488 bytes_read=27300 bytes_retransmit=9 bytes_invalid=13 send_seq=748 receive_seq=748 retransmit_seq=2 srtt=0.003 rttvar=0.000 rto=0.025 ready_bytes=0 stalled_bytes=0 freq=72000573 heater_bed: target=0 temp=26.9 pwm=0.000  sysload=0.31 cputime=4.247 memavail=3486460 print_time=465332.038 buffer_time=0.000 print_stall=0 extruder: target=0 temp=27.1 pwm=0.000
Stats 465359.9: gcodein=0  mcu: mcu_awake=0.001 mcu_task_avg=0.000009 mcu_task_stddev=0.000008 bytes_write=11494 bytes_read=27421 bytes_retransmit=9 bytes_invalid=13 send_seq=749 receive_seq=749 retransmit_seq=2 srtt=0.003 rttvar=0.000 rto=0.025 ready_bytes=0 stalled_bytes=0 freq=72000573 heater_bed: target=0 temp=27.0 pwm=0.000  sysload=0.31 cputime=4.261 memavail=3486460 print_time=465332.038 buffer_time=0.000 print_stall=0 extruder: target=0 temp=27.1 pwm=0.000
Stats 465360.9: gcodein=0  mcu: mcu_awake=0.001 mcu_task_avg=0.000009 mcu_task_stddev=0.000008 bytes_write=11500 bytes_read=27542 bytes_retransmit=9 bytes_invalid=13 send_seq=750 receive_seq=750 retransmit_seq=2 srtt=0.003 rttvar=0.000 rto=0.025 ready_bytes=0 stalled_bytes=0 freq=72000573 heater_bed: target=0 temp=27.1 pwm=0.000  sysload=0.31 cputime=4.276 memavail=3486460 print_time=465332.038 buffer_time=0.000 print_stall=0 extruder: target=0 temp=26.9 pwm=0.000
Stats 465361.9: gcodein=0  mcu: mcu_awake=0.001 mcu_task_avg=0.000009 mcu_task_stddev=0.000008 bytes_write=11506 bytes_read=27648 bytes_retransmit=9 bytes_invalid=13 send_seq=751 receive_seq=751 retransmit_seq=2 srtt=0.003 rttvar=0.000 rto=0.025 ready_bytes=0 stalled_bytes=0 freq=72000572 heater_bed: target=0 temp=26.9 pwm=0.000  sysload=0.31 cputime=4.290 memavail=3486100 print_time=465332.038 buffer_time=0.000 print_stall=0 extruder: target=0 temp=27.1 pwm=0.000
